<?xml version="1.0" encoding="UTF-8"?>
<!-- Generated by org.testng.reporters.JUnitReportReporter -->
<testsuite hostname="LAPTOP-7V1FCHGU" failures="0" tests="6" name="test.test" time="13.653" errors="0" timestamp="2023-01-23T22:40:19 EST" skipped="0">
  <testcase classname="test.test" name="getDepartments" time="0.423"/>
  <system-out/>
  <testcase classname="test.test" name="getSearchResults" time="7.928"/>
  <system-out/>
  <testcase classname="test.test" name="testTitle" time="0.040"/>
  <system-out/>
  <testcase classname="test.test" name="testHomeButton" time="2.636"/>
  <system-out/>
  <testcase classname="test.test" name="testSearchBar" time="0.616"/>
  <system-out/>
  <testcase classname="test.test" name="testSignIn" time="2.010"/>
  <system-out/>
</testsuite> <!-- test.test -->
